<?xml version="1.0" encoding="UTF-8"?>
<!-- Generated by org.testng.reporters.JUnitReportReporter -->
<testsuite hostname="DESKTOP-FVEFBQR" failures="0" tests="1" name="myTests.dataprovider_using_propertyfile" time="0.009" errors="0" timestamp="2021-06-09T18:25:27 IST" skipped="0">
  <testcase classname="myTests.dataprovider_using_propertyfile" name="employee" time="0.009"/>
  <system-out/>
</testsuite> <!-- myTests.dataprovider_using_propertyfile -->
