<?xml version="1.0" encoding="UTF-8"?>
<!-- Generated by org.testng.reporters.JUnitReportReporter -->
<testsuite hostname="DESKTOP-FVEFBQR" failures="0" tests="1" name="pageobjectmodel.VerifyLogin" time="5.804" errors="0" timestamp="2021-06-29T18:10:31 IST" skipped="0">
  <testcase classname="pageobjectmodel.VerifyLogin" name="verifyuser" time="5.804"/>
  <system-out/>
</testsuite> <!-- pageobjectmodel.VerifyLogin -->
