<?xml version="1.0" encoding="UTF-8"?>
<!-- Generated by org.testng.reporters.JUnitReportReporter -->
<testsuite hostname="DESKTOP-FVEFBQR" failures="0" tests="4" name="myTests.DemoTest" time="0.018" errors="0" timestamp="2021-08-26T09:53:41 IST" skipped="0">
  <testcase classname="myTests.DemoTest" name="sum" time="0.001"/>
  <system-out/>
  <testcase classname="myTests.DemoTest" name="multiply" time="0.002"/>
  <system-out/>
  <testcase classname="myTests.DemoTest" name="sub" time="0.005"/>
  <system-out/>
  <testcase classname="myTests.DemoTest" name="div" time="0.010"/>
  <system-out/>
</testsuite> <!-- myTests.DemoTest -->
