<?xml version="1.0" encoding="UTF-8"?>
<!-- Generated by org.testng.reporters.JUnitReportReporter -->
<testsuite hostname="DESKTOP-FVEFBQR" failures="0" tests="3" name="myTests.Darshana" time="6.728" errors="0" timestamp="2021-06-08T12:37:01 IST" skipped="0">
  <testcase classname="myTests.Darshana" name="test1" time="0.030"/>
  <system-out/>
  <testcase classname="myTests.Darshana" name="login" time="3.304"/>
  <system-out/>
  <testcase classname="myTests.Darshana" name="test3" time="3.394"/>
  <system-out/>
</testsuite> <!-- myTests.Darshana -->
