<?xml version="1.0" encoding="UTF-8"?>
<!-- Generated by org.testng.reporters.JUnitReportReporter -->
<testsuite hostname="DESKTOP-FVEFBQR" failures="0" tests="6" name="myTests.TestngDemo" time="10.127" errors="0" timestamp="2021-08-12T11:46:33 IST" skipped="0">
  <testcase classname="myTests.TestngDemo" name="gettitle" time="0.025"/>
  <system-out/>
  <testcase classname="myTests.TestngDemo" name="gettitle" time="0.045"/>
  <system-out/>
  <testcase classname="myTests.TestngDemo" name="login" time="4.721"/>
  <system-out/>
  <testcase classname="myTests.TestngDemo" name="login" time="5.184"/>
  <system-out/>
  <testcase classname="myTests.TestngDemo" name="printtop" time="0.060"/>
  <system-out/>
  <testcase classname="myTests.TestngDemo" name="printtop" time="0.092"/>
  <system-out/>
</testsuite> <!-- myTests.TestngDemo -->
